<?xml version="1.0" encoding="UTF-8"?>
<!-- Generated by org.testng.reporters.JUnitReportReporter -->
<testsuite hostname="DESKTOP-LC3ORIA" failures="0" tests="1" name="Test_class.post_tc1" time="5.102" errors="0" timestamp="2023-04-06T18:57:36 IST" skipped="0">
  <testcase classname="Test_class.post_tc1" name="orchestrator" time="5.102"/>
  <system-out/>
</testsuite> <!-- Test_class.post_tc1 -->
