<?xml version="1.0" encoding="UTF-8"?>
<!-- Generated by org.testng.reporters.JUnitReportReporter -->
<testsuite hostname="DESKTOP-LC3ORIA" failures="0" tests="1" name="Test_class.patch_tc1" time="6.068" errors="0" timestamp="2023-04-05T20:11:41 IST" skipped="0">
  <testcase classname="Test_class.patch_tc1" name="orchestrator" time="6.068"/>
  <system-out/>
</testsuite> <!-- Test_class.patch_tc1 -->
